<?xml version="1.0" encoding="UTF-8"?>
<!-- Generated by org.testng.reporters.JUnitXMLReporter -->
<testsuite ignored="0" hostname="MUM-LAP-409" failures="1" tests="1" name="Test2" time="0.196" errors="0" timestamp="02 Jun 2019 06:17:33 GMT">
  <testcase classname="pack1.Telephony2" name="DisConnectTelephonyTest" time="0.184">
    <failure type="java.lang.AssertionError" message="expected [hello world] but found [Zeenews]">
      <![CDATA[java.lang.AssertionError: expected [hello world] but found [Zeenews]
at pack1.Telephony2.DisConnectTelephonyTest(Telephony2.java:38)
... Removed 31 stack frames]]>
    </failure>
  </testcase> <!-- DisConnectTelephonyTest -->
</testsuite> <!-- Test2 -->
